<?xml version="1.0" encoding="UTF-8"?>
<!-- Generated by org.testng.reporters.JUnitReportReporter -->
<testsuite hostname="Prabhani-PC" failures="0" tests="1" name="Runner.TestRunner" time="11.439" errors="0" timestamp="12 Aug 2018 08:04:30 GMT" skipped="0">
  <testcase classname="Runner.TestRunner" name="feature" time="11.439"/>
</testsuite> <!-- Runner.TestRunner -->
